<?xml version="1.0" encoding="UTF-8"?>
<!-- Generated by org.testng.reporters.JUnitReportReporter -->
<testsuite hostname="LAPTOP-E2KT3BQR" failures="0" tests="12" name="TestCases.QALegendTestCases" time="96.455" errors="0" timestamp="2024-02-13T18:51:25 IST" skipped="0">
  <testcase classname="TestCases.QALegendTestCases" name="loginCRMDataProvider" time="7.024"/>
  <testcase classname="TestCases.QALegendTestCases" name="loginCRMDataProvider" time="6.044"/>
  <testcase classname="TestCases.QALegendTestCases" name="loginCRMDataProvider" time="6.773"/>
  <testcase classname="TestCases.QALegendTestCases" name="addEvent" time="10.242"/>
  <testcase classname="TestCases.QALegendTestCases" name="addClient" time="8.290"/>
  <testcase classname="TestCases.QALegendTestCases" name="downloadClientReport" time="7.466"/>
  <testcase classname="TestCases.QALegendTestCases" name="sendEMail" time="11.800"/>
  <testcase classname="TestCases.QALegendTestCases" name="verifyNumberOfTickets" time="6.969"/>
  <testcase classname="TestCases.QALegendTestCases" name="addNotes" time="7.079"/>
  <testcase classname="TestCases.QALegendTestCases" name="leaveApplications" time="7.873"/>
  <testcase classname="TestCases.QALegendTestCases" name="statusOfProjects" time="7.594"/>
  <testcase classname="TestCases.QALegendTestCases" name="addTickets" time="9.301"/>
</testsuite> <!-- TestCases.QALegendTestCases -->
