<?xml version="1.0" encoding="UTF-8"?>
<!-- Generated by org.testng.reporters.JUnitReportReporter -->
<testsuite hostname="LAPTOP-E2KT3BQR" failures="0" tests="1" name="TestCases.QALegendTestCases" time="10.753" errors="0" timestamp="2024-02-12T08:02:59 IST" skipped="0">
  <testcase classname="TestCases.QALegendTestCases" name="loginCRM" time="10.753"/>
</testsuite> <!-- TestCases.QALegendTestCases -->
