<?xml version="1.0" encoding="UTF-8"?>
<!-- Generated by org.testng.reporters.JUnitReportReporter -->
<testsuite hostname="LAPTOP-E2KT3BQR" failures="0" tests="1" name="TestCases.QALegendTestCases" time="8.221" errors="0" timestamp="2024-01-31T08:51:50 IST" skipped="0">
  <testcase classname="TestCases.QALegendTestCases" name="loginCRM" time="8.221"/>
</testsuite> <!-- TestCases.QALegendTestCases -->
