<?xml version="1.0" encoding="UTF-8"?>
<!-- Generated by org.testng.reporters.JUnitReportReporter -->
<testsuite hostname="LAPTOP-E2KT3BQR" failures="0" tests="13" name="TestCases.QALegendTestCases" time="84.200" errors="0" timestamp="2024-02-12T18:27:19 IST" skipped="0">
  <testcase classname="TestCases.QALegendTestCases" name="loginCRM" time="4.618"/>
  <testcase classname="TestCases.QALegendTestCases" name="addEvent" time="8.701"/>
  <testcase classname="TestCases.QALegendTestCases" name="addClient" time="7.524"/>
  <testcase classname="TestCases.QALegendTestCases" name="downloadClientReport" time="7.308"/>
  <testcase classname="TestCases.QALegendTestCases" name="sendEMail" time="9.831"/>
  <testcase classname="TestCases.QALegendTestCases" name="verifyNumberOfTickets" time="5.493"/>
  <testcase classname="TestCases.QALegendTestCases" name="addNotes" time="6.359"/>
  <testcase classname="TestCases.QALegendTestCases" name="leaveApplications" time="6.318"/>
  <testcase classname="TestCases.QALegendTestCases" name="statusOfProjects" time="7.099"/>
  <testcase classname="TestCases.QALegendTestCases" name="addTickets" time="6.353"/>
  <testcase classname="TestCases.QALegendTestCases" name="loginCRMDataProvider" time="4.479"/>
  <testcase classname="TestCases.QALegendTestCases" name="loginCRMDataProvider" time="5.358"/>
  <testcase classname="TestCases.QALegendTestCases" name="loginCRMDataProvider" time="4.759"/>
</testsuite> <!-- TestCases.QALegendTestCases -->
