<?xml version="1.0" encoding="UTF-8"?>
<!-- Generated by org.testng.reporters.JUnitReportReporter -->
<testsuite hostname="LAPTOP-E2KT3BQR" failures="0" tests="12" name="TestCases.QALegendTestCases" time="73.826" errors="0" timestamp="2024-02-22T19:43:57 IST" skipped="0">
  <testcase classname="TestCases.QALegendTestCases" name="isAddedProjectViewable" time="5.878"/>
  <testcase classname="TestCases.QALegendTestCases" name="loginCRMDataProvider" time="3.567"/>
  <testcase classname="TestCases.QALegendTestCases" name="mandatoryFieldCheckClientCompany" time="7.159"/>
  <testcase classname="TestCases.QALegendTestCases" name="verifyNumberOfTickets" time="6.062"/>
  <testcase classname="TestCases.QALegendTestCases" name="userCanApplyForLeave" time="5.984"/>
  <testcase classname="TestCases.QALegendTestCases" name="loginCRMDataProvider" time="3.856"/>
  <testcase classname="TestCases.QALegendTestCases" name="isAddedNotesDisplayed" time="7.192"/>
  <testcase classname="TestCases.QALegendTestCases" name="loginCRMDataProvider" time="3.334"/>
  <testcase classname="TestCases.QALegendTestCases" name="downloadClientReport" time="5.882"/>
  <testcase classname="TestCases.QALegendTestCases" name="isEventAdded" time="8.811"/>
  <testcase classname="TestCases.QALegendTestCases" name="canUseraddTickets" time="5.948"/>
  <testcase classname="TestCases.QALegendTestCases" name="sendEmail" time="10.153"/>
</testsuite> <!-- TestCases.QALegendTestCases -->
