<?xml version="1.0" encoding="UTF-8"?>
<!-- Generated by org.testng.reporters.JUnitReportReporter -->
<testsuite hostname="LAPTOP-E2KT3BQR" failures="0" tests="12" name="TestCases.QALegendTestCases" time="89.869" errors="0" timestamp="2024-02-13T18:43:12 IST" skipped="0">
  <testcase classname="TestCases.QALegendTestCases" name="loginCRMDataProvider" time="6.293"/>
  <testcase classname="TestCases.QALegendTestCases" name="loginCRMDataProvider" time="5.221"/>
  <testcase classname="TestCases.QALegendTestCases" name="loginCRMDataProvider" time="5.020"/>
  <testcase classname="TestCases.QALegendTestCases" name="addEvent" time="8.512"/>
  <testcase classname="TestCases.QALegendTestCases" name="addClient" time="8.240"/>
  <testcase classname="TestCases.QALegendTestCases" name="downloadClientReport" time="7.200"/>
  <testcase classname="TestCases.QALegendTestCases" name="sendEMail" time="11.242"/>
  <testcase classname="TestCases.QALegendTestCases" name="verifyNumberOfTickets" time="7.451"/>
  <testcase classname="TestCases.QALegendTestCases" name="addNotes" time="7.321"/>
  <testcase classname="TestCases.QALegendTestCases" name="leaveApplications" time="7.997"/>
  <testcase classname="TestCases.QALegendTestCases" name="statusOfProjects" time="7.481"/>
  <testcase classname="TestCases.QALegendTestCases" name="addTickets" time="7.891"/>
</testsuite> <!-- TestCases.QALegendTestCases -->
